<?xml version="1.0" encoding="UTF-8"?>
<!-- Generated by org.testng.reporters.JUnitReportReporter -->
<testsuite hostname="Mayanks-MacBook-Air.local" failures="0" tests="1" name="com.test.testcases.LoginToOdoo" time="3.633" errors="0" timestamp="30 May 2021 06:21:14 GMT" skipped="0">
  <testcase classname="com.test.testcases.LoginToOdoo" name="launching" time="3.633"/>
</testsuite> <!-- com.test.testcases.LoginToOdoo -->
