<?xml version="1.0" encoding="UTF-8"?>
<!-- Generated by org.testng.reporters.JUnitReportReporter -->
<testsuite hostname="Mayanks-MacBook-Air.local" failures="0" tests="1" name="com.test.testcases.BrowserTesting" time="8.422" errors="0" timestamp="29 May 2021 11:23:36 GMT" skipped="0">
  <testcase classname="com.test.testcases.BrowserTesting" name="launching" time="8.422"/>
</testsuite> <!-- com.test.testcases.BrowserTesting -->
